<?xml version="1.0" encoding="UTF-8"?>
<testng-results ignored="0" total="1" passed="1" failed="0" skipped="0">
  <reporter-output>
  </reporter-output>
  <suite started-at="2022-06-27T23:00:43 IST" name="Default suite" finished-at="2022-06-27T23:01:25 IST" duration-ms="41923">
    <groups>
    </groups>
    <test started-at="2022-06-27T23:00:43 IST" name="Default test" finished-at="2022-06-27T23:01:25 IST" duration-ms="41923">
      <class name="com.actiTime.testscript.CreateCustomer">
        <test-method is-config="true" signature="openBrowser()[pri:0, instance:com.actiTime.testscript.CreateCustomer@662b4c69]" started-at="2022-06-27T23:00:43 IST" name="openBrowser" finished-at="2022-06-27T23:00:51 IST" duration-ms="7528" status="PASS">
          <reporter-output>
          </reporter-output>
        </test-method> <!-- openBrowser -->
        <test-method is-config="true" signature="loginActi()[pri:0, instance:com.actiTime.testscript.CreateCustomer@662b4c69]" started-at="2022-06-27T23:00:51 IST" name="loginActi" finished-at="2022-06-27T23:01:00 IST" duration-ms="9199" status="PASS">
          <reporter-output>
          </reporter-output>
        </test-method> <!-- loginActi -->
        <test-method signature="testCreateCustomer()[pri:0, instance:com.actiTime.testscript.CreateCustomer@662b4c69]" started-at="2022-06-27T23:01:00 IST" name="testCreateCustomer" finished-at="2022-06-27T23:01:21 IST" duration-ms="20637" status="PASS">
          <reporter-output>
          </reporter-output>
        </test-method> <!-- testCreateCustomer -->
        <test-method is-config="true" signature="logoutActi()[pri:0, instance:com.actiTime.testscript.CreateCustomer@662b4c69]" started-at="2022-06-27T23:01:21 IST" name="logoutActi" finished-at="2022-06-27T23:01:24 IST" duration-ms="3747" status="PASS">
          <reporter-output>
          </reporter-output>
        </test-method> <!-- logoutActi -->
        <test-method is-config="true" signature="closeBrowser()[pri:0, instance:com.actiTime.testscript.CreateCustomer@662b4c69]" started-at="2022-06-27T23:01:24 IST" name="closeBrowser" finished-at="2022-06-27T23:01:25 IST" duration-ms="653" status="PASS">
          <reporter-output>
          </reporter-output>
        </test-method> <!-- closeBrowser -->
      </class> <!-- com.actiTime.testscript.CreateCustomer -->
    </test> <!-- Default test -->
  </suite> <!-- Default suite -->
</testng-results>
